
**** Build of configuration Nios II for project mod1 ****

make all 
Info: Building ../mod1_bsp/
make --no-print-directory -C ../mod1_bsp/
[BSP build complete]
Info: Compiling hello_world.c to obj/default/hello_world.o
nios2-elf-gcc -xc -MP -MMD -c -I../mod1_bsp//HAL/inc -I../mod1_bsp/ -I../mod1_bsp//drivers/inc  -DSYSTEM_BUS_WIDTH=32 -pipe -D__hal__ -DALT_NO_INSTRUCTION_EMULATION -DALT_SINGLE_THREADED    -O0 -g -Wall   -EL -mno-hw-div -mno-hw-mul -mno-hw-mulx  -o obj/default/hello_world.o hello_world.c
hello_world.c: In function 'main':
hello_world.c:47: warning: implicit declaration of function 'printf'
hello_world.c:47: warning: incompatible implicit declaration of built-in function 'printf'
hello_world.c:53: warning: pointer targets in passing argument 4 of 'alt_avalon_spi_command' differ in signedness
hello_world.c:53: warning: pointer targets in passing argument 6 of 'alt_avalon_spi_command' differ in signedness
Info: Linking mod1.elf
nios2-elf-g++  -T'../mod1_bsp//linker.x' -msys-crt0='../mod1_bsp//obj/HAL/src/crt0.o' -msys-lib=hal_bsp -L../mod1_bsp/   -Wl,-Map=mod1.map   -O0 -g -Wall   -EL -mno-hw-div -mno-hw-mul -mno-hw-mulx  -o mod1.elf obj/default/hello_world.o -lm 
nios2-elf-insert mod1.elf --thread_model hal --cpu_name nios2_qsys_0 --qsys true --simulation_enabled false --stderr_dev jtag_uart_0 --stdin_dev jtag_uart_0 --stdout_dev jtag_uart_0 --sopc_system_name nios_system --quartus_project_dir "C:/Users/AC/Documents/2014W2_UBC/EECE_381/a_Mod1" --sopcinfo C:/Users/AC/Documents/2014W2_UBC/EECE_381/a_Mod1/nios_system.sopcinfo
Info: (mod1.elf) 61 KBytes program size (code + initialized data).
Info:            8123 KBytes free for stack + heap.
Info: Creating mod1.objdump
nios2-elf-objdump --disassemble --syms --all-header --source mod1.elf >mod1.objdump
[mod1 build complete]

**** Build Finished ****
